{"/Users/300067219/Desktop/nykaa/webpack-react-boilerplate/webpack-react-boilerplate/src/App.jsx": {"path":"/Users/300067219/Desktop/nykaa/webpack-react-boilerplate/webpack-react-boilerplate/src/App.jsx","statementMap":{"0":{"start":{"line":6,"column":4},"end":{"line":6,"column":17}},"1":{"start":{"line":7,"column":4},"end":{"line":7,"column":20}},"2":{"start":{"line":11,"column":4},"end":{"line":11,"column":59}}},"fnMap":{"0":{"name":"(anonymous_0)","decl":{"start":{"line":5,"column":2},"end":{"line":5,"column":3}},"loc":{"start":{"line":5,"column":21},"end":{"line":8,"column":3}},"line":5},"1":{"name":"(anonymous_1)","decl":{"start":{"line":10,"column":2},"end":{"line":10,"column":3}},"loc":{"start":{"line":10,"column":11},"end":{"line":12,"column":3}},"line":10}},"branchMap":{},"s":{"0":1,"1":1,"2":1},"f":{"0":1,"1":1},"b":{},"_coverageSchema":"43e27e138ebf9cfc5966b082cf9a028302ed4184","hash":"08f5bc322aa98775bcefdee2f9efad1364cf44ae"}
,"/Users/300067219/Desktop/nykaa/webpack-react-boilerplate/webpack-react-boilerplate/src/components/hello-world/index.jsx": {"path":"/Users/300067219/Desktop/nykaa/webpack-react-boilerplate/webpack-react-boilerplate/src/components/hello-world/index.jsx","statementMap":{"0":{"start":{"line":5,"column":19},"end":{"line":7,"column":1}},"1":{"start":{"line":6,"column":2},"end":{"line":6,"column":53}}},"fnMap":{"0":{"name":"(anonymous_0)","decl":{"start":{"line":5,"column":19},"end":{"line":5,"column":20}},"loc":{"start":{"line":6,"column":2},"end":{"line":6,"column":53}},"line":6}},"branchMap":{},"s":{"0":1,"1":1},"f":{"0":1},"b":{},"_coverageSchema":"43e27e138ebf9cfc5966b082cf9a028302ed4184","hash":"01985b70d87121261b8ab9a977bba75c9fa121cc"}
}
